Build started 2015-04-01 18:16:26.
     1>Project "D:\ProjectsVS\magisterka\Capture\Capture\Capture.vcxproj" on node 2 (Build target(s)).
     1>ClCompile:
         C:\Program Files (x86)\Microsoft Visual Studio 11.0\VC\bin\x86_amd64\CL.exe /c /I"C:\OpenCV-2.4.2\opencv\build\include\opencv" /Id:\boost_1_57_0\ /I"C:\OpenCV-2.4.2\opencv\build\include" /Zi /nologo /W3 /WX- /sdl /O2 /Oi /GL /D WIN32 /D NDEBUG /D _CONSOLE /D _UNICODE /D UNICODE /Gm- /EHsc /MD /GS /Gy /fp:precise /Zc:wchar_t /Zc:forScope /Yu"stdafx.h" /Fp"x64\Release\Capture.pch" /Fo"x64\Release\\" /Fd"x64\Release\vc110.pdb" /Gd /TP /errorReport:prompt Capture.cpp
         Capture.cpp
       Link:
         C:\Program Files (x86)\Microsoft Visual Studio 11.0\VC\bin\x86_amd64\link.exe /ERRORREPORT:PROMPT /OUT:"D:\ProjectsVS\magisterka\Capture\x64\Release\Capture.exe" /INCREMENTAL:NO /NOLOGO /LIBPATH:"C:\OpenCV-2.4.2\opencv\build\x64\vc10\lib" /LIBPATH:D:\boost_1_57_0\lib\x64 opencv_core242.lib opencv_imgproc242.lib opencv_highgui242.lib opencv_ml242.lib opencv_video242.lib opencv_features2d242.lib opencv_calib3d242.lib opencv_objdetect242.lib opencv_contrib242.lib opencv_legacy242.lib opencv_flann242.lib kernel32.lib user32.lib gdi32.lib winspool.lib comdlg32.lib advapi32.lib shell32.lib ole32.lib oleaut32.lib uuid.lib odbc32.lib odbccp32.lib /MANIFEST /MANIFESTUAC:"level='asInvoker' uiAccess='false'" /manifest:embed /DEBUG /PDB:"D:\ProjectsVS\magisterka\Capture\x64\Release\Capture.pdb" /SUBSYSTEM:CONSOLE /OPT:REF /OPT:ICF /LTCG /TLBID:1 /DYNAMICBASE /NXCOMPAT /IMPLIB:"D:\ProjectsVS\magisterka\Capture\x64\Release\Capture.lib" /MACHINE:X64 x64\Release\Capture.obj
         x64\Release\recorder.obj
         x64\Release\recorderGMM.obj
         x64\Release\RecorderGMMTest.obj
         x64\Release\stdafx.obj
     1>libboost_unit_test_framework-vc110-mt-1_57.lib(unit_test_main.obj) : error LNK2001: unresolved external symbol "class boost::unit_test::test_suite * __cdecl init_unit_test_suite(int,char * * const)" (?init_unit_test_suite@@YAPEAVtest_suite@unit_test@boost@@HQEAPEAD@Z)
     1>D:\ProjectsVS\magisterka\Capture\x64\Release\Capture.exe : fatal error LNK1120: 1 unresolved externals
     1>Done Building Project "D:\ProjectsVS\magisterka\Capture\Capture\Capture.vcxproj" (Build target(s)) -- FAILED.

Build FAILED.

Time Elapsed 00:00:00.54
